2022-03-16 12:48:32,468 - INFO - , error is : {'chart': {'result': [], 'error': None}} 
2022-03-16 12:49:00,214 - INFO - DLR$K, error is : {'chart': {'result': None, 'error': {'code': 'Not Found', 'description': 'No data found, symbol may be delisted'}}} 
2022-03-16 12:49:07,485 - INFO - ACDI.W, error is : {'chart': {'result': None, 'error': {'code': 'Not Found', 'description': 'No data found, symbol may be delisted'}}} 
2022-03-16 12:49:13,428 - INFO - NSTD.U, error is : {'chart': {'result': None, 'error': {'code': 'Not Found', 'description': 'No data found, symbol may be delisted'}}} 
2022-03-16 12:49:33,853 - INFO - POND.W, error is : {'chart': {'result': None, 'error': {'code': 'Not Found', 'description': 'No data found, symbol may be delisted'}}} 
2022-03-16 12:50:14,286 - INFO - HVT.A, error is : {'chart': {'result': None, 'error': {'code': 'Not Found', 'description': 'No data found, symbol may be delisted'}}} 
2022-03-16 12:50:59,282 - INFO - QFTA.U, error is : {'chart': {'result': None, 'error': {'code': 'Not Found', 'description': 'No data found, symbol may be delisted'}}} 
2022-03-16 12:51:36,795 - INFO - AMPS.W, error is : {'chart': {'result': None, 'error': {'code': 'Not Found', 'description': 'No data found, symbol may be delisted'}}} 
2022-03-16 12:54:28,142 - INFO - BAC$L, error is : {'chart': {'result': None, 'error': {'code': 'Not Found', 'description': 'No data found, symbol may be delisted'}}} 
2022-03-16 12:54:44,215 - INFO - TDW.B, error is : 'timestamp' 
2022-03-16 12:57:16,102 - INFO - MNTN.W, error is : {'chart': {'result': None, 'error': {'code': 'Not Found', 'description': 'No data found, symbol may be delisted'}}} 
2022-03-16 12:57:59,124 - INFO - GRP.U, error is : {'chart': {'result': None, 'error': {'code': 'Not Found', 'description': 'No data found, symbol may be delisted'}}} 
2022-03-16 12:58:13,369 - INFO - OPAD.W, error is : {'chart': {'result': None, 'error': {'code': 'Not Found', 'description': 'No data found, symbol may be delisted'}}} 
2022-03-16 13:00:00,216 - INFO - BRMK.W, error is : {'chart': {'result': None, 'error': {'code': 'Not Found', 'description': 'No data found, symbol may be delisted'}}} 
2022-03-16 13:00:16,127 - INFO - NTEST.A, error is : {'chart': {'result': None, 'error': {'code': 'Not Found', 'description': 'No data found, symbol may be delisted'}}} 
2022-03-16 13:01:28,136 - INFO - ZJZZT, error is : 'timestamp' 
2022-03-16 13:01:35,648 - INFO - MPACR, error is : 'timestamp' 
2022-03-16 13:01:36,239 - INFO - TRTN$C, error is : {'chart': {'result': None, 'error': {'code': 'Not Found', 'description': 'No data found, symbol may be delisted'}}} 
2022-03-16 13:01:39,259 - INFO - IRRX.W, error is : {'chart': {'result': None, 'error': {'code': 'Not Found', 'description': 'No data found, symbol may be delisted'}}} 
2022-03-16 13:01:41,853 - INFO - BIP$B, error is : {'chart': {'result': None, 'error': {'code': 'Not Found', 'description': 'No data found, symbol may be delisted'}}} 
2022-03-16 13:02:06,032 - INFO - FRT$C, error is : {'chart': {'result': None, 'error': {'code': 'Not Found', 'description': 'No data found, symbol may be delisted'}}} 
2022-03-16 13:03:36,809 - INFO - ABR$E, error is : {'chart': {'result': None, 'error': {'code': 'Not Found', 'description': 'No data found, symbol may be delisted'}}} 
2022-03-16 13:03:37,033 - INFO - HUGS.W, error is : {'chart': {'result': None, 'error': {'code': 'Not Found', 'description': 'No data found, symbol may be delisted'}}} 
2022-03-16 13:05:20,595 - INFO - SR$A, error is : {'chart': {'result': None, 'error': {'code': 'Not Found', 'description': 'No data found, symbol may be delisted'}}} 
2022-03-16 13:05:37,448 - INFO - AAM$B, error is : {'chart': {'result': None, 'error': {'code': 'Not Found', 'description': 'No data found, symbol may be delisted'}}} 
2022-03-16 13:06:56,868 - INFO - ASAQ.U, error is : {'chart': {'result': None, 'error': {'code': 'Not Found', 'description': 'No data found, symbol may be delisted'}}} 
2022-03-16 13:07:00,430 - INFO - GNL$B, error is : {'chart': {'result': None, 'error': {'code': 'Not Found', 'description': 'No data found, symbol may be delisted'}}} 
2022-03-16 13:07:31,412 - INFO - BMAC.U, error is : {'chart': {'result': None, 'error': {'code': 'Not Found', 'description': 'No data found, symbol may be delisted'}}} 
2022-03-16 13:07:36,090 - INFO - FLAG.U, error is : {'chart': {'result': None, 'error': {'code': 'Not Found', 'description': 'No data found, symbol may be delisted'}}} 
2022-03-16 13:08:01,858 - INFO - PPHPR, error is : 'timestamp' 
2022-03-16 13:10:08,482 - INFO - FACT.U, error is : {'chart': {'result': None, 'error': {'code': 'Not Found', 'description': 'No data found, symbol may be delisted'}}} 
2022-03-16 13:10:45,015 - INFO - OCA.U, error is : {'chart': {'result': None, 'error': {'code': 'Not Found', 'description': 'No data found, symbol may be delisted'}}} 
2022-03-16 13:13:29,031 - INFO - GDV$K, error is : {'chart': {'result': None, 'error': {'code': 'Not Found', 'description': 'No data found, symbol may be delisted'}}} 
2022-03-16 13:13:37,001 - INFO - MET$A, error is : {'chart': {'result': None, 'error': {'code': 'Not Found', 'description': 'No data found, symbol may be delisted'}}} 
2022-03-16 13:15:18,372 - INFO - GOAC.U, error is : {'chart': {'result': None, 'error': {'code': 'Not Found', 'description': 'No data found, symbol may be delisted'}}} 
2022-03-16 13:15:43,053 - INFO - NEE$N, error is : {'chart': {'result': None, 'error': {'code': 'Not Found', 'description': 'No data found, symbol may be delisted'}}} 
2022-03-16 13:16:07,661 - INFO - TACA.W, error is : {'chart': {'result': None, 'error': {'code': 'Not Found', 'description': 'No data found, symbol may be delisted'}}} 
2022-03-16 13:16:21,192 - INFO - RC$E, error is : {'chart': {'result': None, 'error': {'code': 'Not Found', 'description': 'No data found, symbol may be delisted'}}} 
2022-03-16 13:17:20,551 - INFO - JUN.W, error is : {'chart': {'result': None, 'error': {'code': 'Not Found', 'description': 'No data found, symbol may be delisted'}}} 
2022-03-16 13:18:45,006 - INFO - TGH$A, error is : {'chart': {'result': None, 'error': {'code': 'Not Found', 'description': 'No data found, symbol may be delisted'}}} 
2022-03-16 13:19:24,216 - INFO - MH$D, error is : {'chart': {'result': None, 'error': {'code': 'Not Found', 'description': 'No data found, symbol may be delisted'}}} 
2022-03-16 13:20:07,600 - INFO - JW.A, error is : {'chart': {'result': None, 'error': {'code': 'Not Found', 'description': 'No data found, symbol may be delisted'}}} 
2022-03-16 13:20:09,579 - INFO - ADOCR, error is : 'timestamp' 
2022-03-16 13:20:26,780 - INFO - PCPC.U, error is : {'chart': {'result': None, 'error': {'code': 'Not Found', 'description': 'No data found, symbol may be delisted'}}} 
2022-03-16 13:20:35,382 - INFO - DBRG$H, error is : {'chart': {'result': None, 'error': {'code': 'Not Found', 'description': 'No data found, symbol may be delisted'}}} 
2022-03-16 13:22:13,520 - INFO - PCG$C, error is : {'chart': {'result': None, 'error': {'code': 'Not Found', 'description': 'No data found, symbol may be delisted'}}} 
2022-03-16 13:22:30,882 - INFO - FACA.W, error is : {'chart': {'result': None, 'error': {'code': 'Not Found', 'description': 'No data found, symbol may be delisted'}}} 
2022-03-16 13:22:41,233 - INFO - WEL.W, error is : {'chart': {'result': None, 'error': {'code': 'Not Found', 'description': 'No data found, symbol may be delisted'}}} 
2022-03-16 13:22:45,574 - INFO - HWM$, error is : {'chart': {'result': None, 'error': {'code': 'Not Found', 'description': 'No data found, symbol may be delisted'}}} 
2022-03-16 13:23:48,823 - INFO - UPH.W, error is : {'chart': {'result': None, 'error': {'code': 'Not Found', 'description': 'No data found, symbol may be delisted'}}} 
2022-03-16 13:24:41,751 - INFO - RCFA.W, error is : {'chart': {'result': None, 'error': {'code': 'Not Found', 'description': 'No data found, symbol may be delisted'}}} 
2022-03-16 13:25:58,634 - INFO - NOVVR, error is : 'timestamp' 
2022-03-16 13:26:09,303 - INFO - ATH$D, error is : {'chart': {'result': None, 'error': {'code': 'Not Found', 'description': 'No data found, symbol may be delisted'}}} 
2022-03-16 13:26:19,439 - INFO - STZ.B, error is : 'timestamp' 
2022-03-16 13:26:29,063 - INFO - THACW, error is : 'timestamp' 
2022-03-16 13:26:49,354 - INFO - GECCM, error is : 'timestamp' 
2022-03-16 13:26:55,687 - INFO - ATIP.W, error is : {'chart': {'result': None, 'error': {'code': 'Not Found', 'description': 'No data found, symbol may be delisted'}}} 
2022-03-16 13:27:02,027 - INFO - HEI.A, error is : {'chart': {'result': None, 'error': {'code': 'Not Found', 'description': 'No data found, symbol may be delisted'}}} 
2022-03-16 13:27:07,055 - INFO - GGGVR, error is : 'timestamp' 
2022-03-16 13:27:13,013 - INFO - MIT.W, error is : {'chart': {'result': None, 'error': {'code': 'Not Found', 'description': 'No data found, symbol may be delisted'}}} 
2022-03-16 13:27:34,449 - INFO - OPA.U, error is : {'chart': {'result': None, 'error': {'code': 'Not Found', 'description': 'No data found, symbol may be delisted'}}} 
2022-03-16 13:27:55,451 - INFO - RY$T, error is : {'chart': {'result': None, 'error': {'code': 'Not Found', 'description': 'No data found, symbol may be delisted'}}} 
2022-03-16 13:28:06,450 - INFO - AL$A, error is : {'chart': {'result': None, 'error': {'code': 'Not Found', 'description': 'No data found, symbol may be delisted'}}} 
2022-03-16 13:28:28,515 - INFO - AFTR.W, error is : {'chart': {'result': None, 'error': {'code': 'Not Found', 'description': 'No data found, symbol may be delisted'}}} 
2022-03-16 13:29:45,804 - INFO - KYCHR, error is : 'timestamp' 
2022-03-16 13:30:31,767 - INFO - PRE$J, error is : {'chart': {'result': None, 'error': {'code': 'Not Found', 'description': 'No data found, symbol may be delisted'}}} 
2022-03-16 13:33:43,610 - INFO - FTAI$A, error is : {'chart': {'result': None, 'error': {'code': 'Not Found', 'description': 'No data found, symbol may be delisted'}}} 
2022-03-16 13:34:51,875 - INFO - CDR$B, error is : {'chart': {'result': None, 'error': {'code': 'Not Found', 'description': 'No data found, symbol may be delisted'}}} 
2022-03-16 13:36:14,379 - INFO - GBRGR, error is : 'timestamp' 
2022-03-16 13:36:28,267 - INFO - EBR.B, error is : {'chart': {'result': None, 'error': {'code': 'Not Found', 'description': 'No data found, symbol may be delisted'}}} 
2022-03-16 13:36:33,837 - INFO - VHAQ.U, error is : {'chart': {'result': None, 'error': {'code': 'Not Found', 'description': 'No data found, symbol may be delisted'}}} 
2022-03-16 13:37:37,625 - INFO - VAL.W, error is : {'chart': {'result': None, 'error': {'code': 'Not Found', 'description': 'No data found, symbol may be delisted'}}} 
2022-03-16 13:37:49,393 - INFO - PNTM.U, error is : {'chart': {'result': None, 'error': {'code': 'Not Found', 'description': 'No data found, symbol may be delisted'}}} 
2022-03-16 13:38:07,001 - INFO - ZXZZT, error is : 'timestamp' 
2022-03-16 13:39:01,822 - INFO - UWMC.W, error is : {'chart': {'result': None, 'error': {'code': 'Not Found', 'description': 'No data found, symbol may be delisted'}}} 
2022-03-16 13:39:28,668 - INFO - LEAP.U, error is : {'chart': {'result': None, 'error': {'code': 'Not Found', 'description': 'No data found, symbol may be delisted'}}} 
2022-03-16 13:39:28,934 - INFO - NLY$G, error is : {'chart': {'result': None, 'error': {'code': 'Not Found', 'description': 'No data found, symbol may be delisted'}}} 
2022-03-16 13:39:31,980 - INFO - PRPC.U, error is : {'chart': {'result': None, 'error': {'code': 'Not Found', 'description': 'No data found, symbol may be delisted'}}} 
2022-03-16 13:39:39,190 - INFO - APTV$A, error is : {'chart': {'result': None, 'error': {'code': 'Not Found', 'description': 'No data found, symbol may be delisted'}}} 
2022-03-16 13:39:52,689 - INFO - TRTL.U, error is : {'chart': {'result': None, 'error': {'code': 'Not Found', 'description': 'No data found, symbol may be delisted'}}} 
2022-03-16 13:39:55,118 - INFO - RF$B, error is : {'chart': {'result': None, 'error': {'code': 'Not Found', 'description': 'No data found, symbol may be delisted'}}} 
2022-03-16 13:40:43,265 - INFO - GDV$H, error is : {'chart': {'result': None, 'error': {'code': 'Not Found', 'description': 'No data found, symbol may be delisted'}}} 
2022-03-16 13:41:01,391 - INFO - BNIXR, error is : 'timestamp' 
2022-03-16 13:41:26,574 - INFO - GPCOR, error is : 'timestamp' 
2022-03-16 13:41:51,374 - INFO - GEF.B, error is : 'timestamp' 
2022-03-16 13:41:57,947 - INFO - LGF.B, error is : 'timestamp' 
2022-03-16 13:42:07,746 - INFO - DNA.W, error is : {'chart': {'result': None, 'error': {'code': 'Not Found', 'description': 'No data found, symbol may be delisted'}}} 
2022-03-16 13:44:27,777 - INFO - CPTK.U, error is : {'chart': {'result': None, 'error': {'code': 'Not Found', 'description': 'No data found, symbol may be delisted'}}} 
2022-03-16 13:45:05,123 - INFO - EPWR.U, error is : {'chart': {'result': None, 'error': {'code': 'Not Found', 'description': 'No data found, symbol may be delisted'}}} 
2022-03-16 13:45:14,702 - INFO - HIGA.U, error is : {'chart': {'result': None, 'error': {'code': 'Not Found', 'description': 'No data found, symbol may be delisted'}}} 
2022-03-16 13:45:20,798 - INFO - CNDB.W, error is : {'chart': {'result': None, 'error': {'code': 'Not Found', 'description': 'No data found, symbol may be delisted'}}} 
2022-03-16 13:47:23,378 - INFO - BEP$A, error is : {'chart': {'result': None, 'error': {'code': 'Not Found', 'description': 'No data found, symbol may be delisted'}}} 
2022-03-16 13:47:47,729 - INFO - SEAL$B, error is : {'chart': {'result': None, 'error': {'code': 'Not Found', 'description': 'No data found, symbol may be delisted'}}} 
2022-03-16 13:47:57,835 - INFO - TNP$F, error is : {'chart': {'result': None, 'error': {'code': 'Not Found', 'description': 'No data found, symbol may be delisted'}}} 
2022-03-16 13:48:13,405 - INFO - PMVC.W, error is : {'chart': {'result': None, 'error': {'code': 'Not Found', 'description': 'No data found, symbol may be delisted'}}} 
2022-03-16 13:48:14,095 - INFO - ACRO.W, error is : {'chart': {'result': None, 'error': {'code': 'Not Found', 'description': 'No data found, symbol may be delisted'}}} 
2022-03-16 13:48:29,900 - INFO - PRIF$L, error is : {'chart': {'result': None, 'error': {'code': 'Not Found', 'description': 'No data found, symbol may be delisted'}}} 
2022-03-16 13:48:36,733 - INFO - FRXB.U, error is : {'chart': {'result': None, 'error': {'code': 'Not Found', 'description': 'No data found, symbol may be delisted'}}} 
2022-03-16 13:49:15,753 - INFO - OWLT.W, error is : {'chart': {'result': None, 'error': {'code': 'Not Found', 'description': 'No data found, symbol may be delisted'}}} 
2022-03-16 13:49:25,297 - INFO - PHGE.W, error is : {'chart': {'result': None, 'error': {'code': 'Not Found', 'description': 'No data found, symbol may be delisted'}}} 
2022-03-16 13:49:29,562 - INFO - STRE.W, error is : {'chart': {'result': None, 'error': {'code': 'Not Found', 'description': 'No data found, symbol may be delisted'}}} 
2022-03-16 13:49:48,005 - INFO - DOMA.W, error is : {'chart': {'result': None, 'error': {'code': 'Not Found', 'description': 'No data found, symbol may be delisted'}}} 
2022-03-16 13:50:04,852 - INFO - JPM$K, error is : {'chart': {'result': None, 'error': {'code': 'Not Found', 'description': 'No data found, symbol may be delisted'}}} 
2022-03-16 13:50:17,988 - INFO - VGII.U, error is : {'chart': {'result': None, 'error': {'code': 'Not Found', 'description': 'No data found, symbol may be delisted'}}} 
2022-03-16 13:50:19,781 - INFO - RJAC.W, error is : {'chart': {'result': None, 'error': {'code': 'Not Found', 'description': 'No data found, symbol may be delisted'}}} 
2022-03-16 13:51:04,263 - INFO - DRH$A, error is : {'chart': {'result': None, 'error': {'code': 'Not Found', 'description': 'No data found, symbol may be delisted'}}} 
2022-03-16 13:51:45,066 - INFO - BLUA.U, error is : {'chart': {'result': None, 'error': {'code': 'Not Found', 'description': 'No data found, symbol may be delisted'}}} 
2022-03-16 13:51:55,296 - INFO - GSQB.W, error is : {'chart': {'result': None, 'error': {'code': 'Not Found', 'description': 'No data found, symbol may be delisted'}}} 
2022-03-16 13:51:58,065 - INFO - WPCA.W, error is : {'chart': {'result': None, 'error': {'code': 'Not Found', 'description': 'No data found, symbol may be delisted'}}} 
2022-03-16 13:52:35,595 - INFO - BIO.B, error is : 'timestamp' 
2022-03-16 13:53:34,282 - INFO - PLYM$A, error is : {'chart': {'result': None, 'error': {'code': 'Not Found', 'description': 'No data found, symbol may be delisted'}}} 
2022-03-16 13:53:54,170 - INFO - NFYS.W, error is : {'chart': {'result': None, 'error': {'code': 'Not Found', 'description': 'No data found, symbol may be delisted'}}} 
2022-03-16 13:54:25,940 - INFO - VNO$N, error is : {'chart': {'result': None, 'error': {'code': 'Not Found', 'description': 'No data found, symbol may be delisted'}}} 
2022-03-16 13:54:42,328 - INFO - NM$H, error is : {'chart': {'result': None, 'error': {'code': 'Not Found', 'description': 'No data found, symbol may be delisted'}}} 
2022-03-16 13:55:00,952 - INFO - ATEST, error is : 'timestamp' 
2022-03-16 13:55:07,873 - INFO - F$B, error is : {'chart': {'result': None, 'error': {'code': 'Not Found', 'description': 'No data found, symbol may be delisted'}}} 
2022-03-16 13:55:13,006 - INFO - NGL$C, error is : {'chart': {'result': None, 'error': {'code': 'Not Found', 'description': 'No data found, symbol may be delisted'}}} 
2022-03-16 13:55:19,313 - INFO - CTEST.L, error is : {'chart': {'result': None, 'error': {'code': 'Not Found', 'description': 'No data found, symbol may be delisted'}}} 
2022-03-16 13:55:31,361 - INFO - EGGF.U, error is : {'chart': {'result': None, 'error': {'code': 'Not Found', 'description': 'No data found, symbol may be delisted'}}} 
2022-03-16 13:56:45,700 - INFO - ABR$D, error is : {'chart': {'result': None, 'error': {'code': 'Not Found', 'description': 'No data found, symbol may be delisted'}}} 
2022-03-16 13:56:51,012 - INFO - GS$D, error is : {'chart': {'result': None, 'error': {'code': 'Not Found', 'description': 'No data found, symbol may be delisted'}}} 
2022-03-16 13:56:58,962 - INFO - CWEN.A, error is : {'chart': {'result': None, 'error': {'code': 'Not Found', 'description': 'No data found, symbol may be delisted'}}} 
2022-03-16 13:57:26,128 - INFO - LEN.B, error is : 'timestamp' 
2022-03-16 13:58:28,337 - INFO - GS$K, error is : {'chart': {'result': None, 'error': {'code': 'Not Found', 'description': 'No data found, symbol may be delisted'}}} 
2022-03-16 13:58:30,050 - INFO - BARK.W, error is : {'chart': {'result': None, 'error': {'code': 'Not Found', 'description': 'No data found, symbol may be delisted'}}} 
2022-03-16 13:58:30,258 - INFO - DLNG$B, error is : {'chart': {'result': None, 'error': {'code': 'Not Found', 'description': 'No data found, symbol may be delisted'}}} 
2022-03-16 13:58:56,897 - INFO - ACII.U, error is : {'chart': {'result': None, 'error': {'code': 'Not Found', 'description': 'No data found, symbol may be delisted'}}} 
2022-03-16 13:58:58,297 - INFO - TRCA.U, error is : {'chart': {'result': None, 'error': {'code': 'Not Found', 'description': 'No data found, symbol may be delisted'}}} 
2022-03-16 13:59:20,266 - INFO - NRGV.W, error is : {'chart': {'result': None, 'error': {'code': 'Not Found', 'description': 'No data found, symbol may be delisted'}}} 
2022-03-16 13:59:31,612 - INFO - TSPQ.W, error is : {'chart': {'result': None, 'error': {'code': 'Not Found', 'description': 'No data found, symbol may be delisted'}}} 
2022-03-16 14:00:33,387 - INFO - PNTM.W, error is : {'chart': {'result': None, 'error': {'code': 'Not Found', 'description': 'No data found, symbol may be delisted'}}} 
2022-03-16 14:00:43,411 - INFO - BKSY.W, error is : {'chart': {'result': None, 'error': {'code': 'Not Found', 'description': 'No data found, symbol may be delisted'}}} 
2022-03-16 14:00:46,385 - INFO - POND.U, error is : {'chart': {'result': None, 'error': {'code': 'Not Found', 'description': 'No data found, symbol may be delisted'}}} 
2022-03-16 14:01:28,875 - INFO - TINV.U, error is : {'chart': {'result': None, 'error': {'code': 'Not Found', 'description': 'No data found, symbol may be delisted'}}} 
2022-03-16 14:01:29,761 - INFO - CADE$A, error is : {'chart': {'result': None, 'error': {'code': 'Not Found', 'description': 'No data found, symbol may be delisted'}}} 
2022-03-16 14:01:41,196 - INFO - CTEST.E, error is : {'chart': {'result': None, 'error': {'code': 'Not Found', 'description': 'No data found, symbol may be delisted'}}} 
2022-03-16 14:01:59,603 - INFO - KKR$C, error is : {'chart': {'result': None, 'error': {'code': 'Not Found', 'description': 'No data found, symbol may be delisted'}}} 
2022-03-16 14:02:06,424 - INFO - T$C, error is : {'chart': {'result': None, 'error': {'code': 'Not Found', 'description': 'No data found, symbol may be delisted'}}} 
2022-03-16 14:03:01,244 - INFO - FATH.W, error is : {'chart': {'result': None, 'error': {'code': 'Not Found', 'description': 'No data found, symbol may be delisted'}}} 
2022-03-16 14:03:12,266 - INFO - BOH$A, error is : {'chart': {'result': None, 'error': {'code': 'Not Found', 'description': 'No data found, symbol may be delisted'}}} 
2022-03-16 14:03:19,616 - INFO - FTAI$B, error is : {'chart': {'result': None, 'error': {'code': 'Not Found', 'description': 'No data found, symbol may be delisted'}}} 
2022-03-16 14:03:19,816 - INFO - BAC$B, error is : {'chart': {'result': None, 'error': {'code': 'Not Found', 'description': 'No data found, symbol may be delisted'}}} 
2022-03-16 14:03:39,678 - INFO - CFG$E, error is : {'chart': {'result': None, 'error': {'code': 'Not Found', 'description': 'No data found, symbol may be delisted'}}} 
2022-03-16 14:03:56,862 - INFO - ATEK.U, error is : {'chart': {'result': None, 'error': {'code': 'Not Found', 'description': 'No data found, symbol may be delisted'}}} 
2022-03-16 14:04:11,613 - INFO - ASAQ.W, error is : {'chart': {'result': None, 'error': {'code': 'Not Found', 'description': 'No data found, symbol may be delisted'}}} 
2022-03-16 14:04:14,150 - INFO - GL$D, error is : {'chart': {'result': None, 'error': {'code': 'Not Found', 'description': 'No data found, symbol may be delisted'}}} 
2022-03-16 14:04:17,215 - INFO - ZCZZT, error is : {'chart': {'result': None, 'error': {'code': 'Not Found', 'description': 'No data found, symbol may be delisted'}}} 
2022-03-16 14:04:42,048 - INFO - ICNC.U, error is : {'chart': {'result': None, 'error': {'code': 'Not Found', 'description': 'No data found, symbol may be delisted'}}} 
2022-03-16 14:04:42,302 - INFO - CLDT$A, error is : {'chart': {'result': None, 'error': {'code': 'Not Found', 'description': 'No data found, symbol may be delisted'}}} 
2022-03-16 14:04:46,818 - INFO - PBR.A, error is : {'chart': {'result': None, 'error': {'code': 'Not Found', 'description': 'No data found, symbol may be delisted'}}} 
2022-03-16 14:05:11,105 - INFO - AHL$D, error is : {'chart': {'result': None, 'error': {'code': 'Not Found', 'description': 'No data found, symbol may be delisted'}}} 
2022-03-16 14:05:32,922 - INFO - AAC.W, error is : {'chart': {'result': None, 'error': {'code': 'Not Found', 'description': 'No data found, symbol may be delisted'}}} 
2022-03-16 14:06:03,353 - INFO - MIMO.A, error is : {'chart': {'result': None, 'error': {'code': 'Not Found', 'description': 'No data found, symbol may be delisted'}}} 
2022-03-16 14:06:11,628 - INFO - ZGN.W, error is : {'chart': {'result': None, 'error': {'code': 'Not Found', 'description': 'No data found, symbol may be delisted'}}} 
2022-03-16 14:06:13,742 - INFO - CMRE$C, error is : {'chart': {'result': None, 'error': {'code': 'Not Found', 'description': 'No data found, symbol may be delisted'}}} 
2022-03-16 14:06:15,993 - INFO - GPMT$A, error is : {'chart': {'result': None, 'error': {'code': 'Not Found', 'description': 'No data found, symbol may be delisted'}}} 
2022-03-16 14:06:23,966 - INFO - GOAC.W, error is : {'chart': {'result': None, 'error': {'code': 'Not Found', 'description': 'No data found, symbol may be delisted'}}} 
2022-03-16 14:06:32,552 - INFO - GFOR.W, error is : {'chart': {'result': None, 'error': {'code': 'Not Found', 'description': 'No data found, symbol may be delisted'}}} 
2022-03-16 14:06:41,099 - INFO - DX$C, error is : {'chart': {'result': None, 'error': {'code': 'Not Found', 'description': 'No data found, symbol may be delisted'}}} 
2022-03-16 14:07:08,370 - INFO - SPAQ.U, error is : {'chart': {'result': None, 'error': {'code': 'Not Found', 'description': 'No data found, symbol may be delisted'}}} 
2022-03-16 14:08:02,780 - INFO - DHR$B, error is : {'chart': {'result': None, 'error': {'code': 'Not Found', 'description': 'No data found, symbol may be delisted'}}} 
2022-03-16 14:08:08,798 - INFO - MOG.A, error is : {'chart': {'result': None, 'error': {'code': 'Not Found', 'description': 'No data found, symbol may be delisted'}}} 
2022-03-16 14:08:45,653 - INFO - MNTN.U, error is : {'chart': {'result': None, 'error': {'code': 'Not Found', 'description': 'No data found, symbol may be delisted'}}} 
2022-03-16 14:08:51,370 - INFO - ESM.W, error is : {'chart': {'result': None, 'error': {'code': 'Not Found', 'description': 'No data found, symbol may be delisted'}}} 
2022-03-16 14:09:05,470 - INFO - BAC$M, error is : {'chart': {'result': None, 'error': {'code': 'Not Found', 'description': 'No data found, symbol may be delisted'}}} 
2022-03-16 14:09:47,590 - INFO - ZIEXT, error is : {'chart': {'result': None, 'error': {'code': 'Not Found', 'description': 'No data found, symbol may be delisted'}}} 
2022-03-16 14:09:55,770 - INFO - RMPL$, error is : {'chart': {'result': None, 'error': {'code': 'Not Found', 'description': 'No data found, symbol may be delisted'}}} 
2022-03-16 14:09:58,053 - INFO - ACHR.W, error is : {'chart': {'result': None, 'error': {'code': 'Not Found', 'description': 'No data found, symbol may be delisted'}}} 
2022-03-16 14:10:19,162 - INFO - VGII.W, error is : {'chart': {'result': None, 'error': {'code': 'Not Found', 'description': 'No data found, symbol may be delisted'}}} 
2022-03-16 14:10:23,026 - INFO - SITC$A, error is : {'chart': {'result': None, 'error': {'code': 'Not Found', 'description': 'No data found, symbol may be delisted'}}} 
2022-03-16 14:10:27,438 - INFO - IFIN.U, error is : {'chart': {'result': None, 'error': {'code': 'Not Found', 'description': 'No data found, symbol may be delisted'}}} 
2022-03-16 14:10:40,168 - INFO - HMA.W, error is : {'chart': {'result': None, 'error': {'code': 'Not Found', 'description': 'No data found, symbol may be delisted'}}} 
2022-03-16 14:11:20,462 - INFO - KLR.W, error is : {'chart': {'result': None, 'error': {'code': 'Not Found', 'description': 'No data found, symbol may be delisted'}}} 
2022-03-16 14:11:39,396 - INFO - BOAC.U, error is : {'chart': {'result': None, 'error': {'code': 'Not Found', 'description': 'No data found, symbol may be delisted'}}} 
2022-03-16 14:12:07,657 - INFO - KEY$J, error is : {'chart': {'result': None, 'error': {'code': 'Not Found', 'description': 'No data found, symbol may be delisted'}}} 
2022-03-16 14:12:39,471 - INFO - ALP$Q, error is : {'chart': {'result': None, 'error': {'code': 'Not Found', 'description': 'No data found, symbol may be delisted'}}} 
2022-03-16 14:12:57,474 - INFO - FHN$B, error is : {'chart': {'result': None, 'error': {'code': 'Not Found', 'description': 'No data found, symbol may be delisted'}}} 
2022-03-16 14:13:03,792 - INFO - FLAG.W, error is : {'chart': {'result': None, 'error': {'code': 'Not Found', 'description': 'No data found, symbol may be delisted'}}} 
2022-03-16 14:13:14,032 - INFO - NSTC.U, error is : {'chart': {'result': None, 'error': {'code': 'Not Found', 'description': 'No data found, symbol may be delisted'}}} 
2022-03-16 14:13:46,090 - INFO - BW$A, error is : {'chart': {'result': None, 'error': {'code': 'Not Found', 'description': 'No data found, symbol may be delisted'}}} 
2022-03-16 14:14:08,136 - INFO - TCOA.W, error is : {'chart': {'result': None, 'error': {'code': 'Not Found', 'description': 'No data found, symbol may be delisted'}}} 
2022-03-16 14:14:12,264 - INFO - PEB$G, error is : {'chart': {'result': None, 'error': {'code': 'Not Found', 'description': 'No data found, symbol may be delisted'}}} 
2022-03-16 14:14:22,616 - INFO - RPT$D, error is : {'chart': {'result': None, 'error': {'code': 'Not Found', 'description': 'No data found, symbol may be delisted'}}} 
2022-03-16 14:14:24,820 - INFO - AMH$H, error is : {'chart': {'result': None, 'error': {'code': 'Not Found', 'description': 'No data found, symbol may be delisted'}}} 
2022-03-16 14:14:25,493 - INFO - PSA$K, error is : {'chart': {'result': None, 'error': {'code': 'Not Found', 'description': 'No data found, symbol may be delisted'}}} 
2022-03-16 14:15:08,908 - INFO - VHAQ.R, error is : {'chart': {'result': None, 'error': {'code': 'Not Found', 'description': 'No data found, symbol may be delisted'}}} 
2022-03-16 14:15:28,016 - INFO - CLIM.W, error is : {'chart': {'result': None, 'error': {'code': 'Not Found', 'description': 'No data found, symbol may be delisted'}}} 
2022-03-16 14:15:31,672 - INFO - FVIV.U, error is : {'chart': {'result': None, 'error': {'code': 'Not Found', 'description': 'No data found, symbol may be delisted'}}} 
2022-03-16 14:15:53,909 - INFO - WPCB.W, error is : {'chart': {'result': None, 'error': {'code': 'Not Found', 'description': 'No data found, symbol may be delisted'}}} 
2022-03-16 14:16:11,643 - INFO - NM$G, error is : {'chart': {'result': None, 'error': {'code': 'Not Found', 'description': 'No data found, symbol may be delisted'}}} 
2022-03-16 14:16:19,022 - INFO - WRB$H, error is : {'chart': {'result': None, 'error': {'code': 'Not Found', 'description': 'No data found, symbol may be delisted'}}} 
2022-03-16 14:16:20,816 - INFO - SKIL.W, error is : {'chart': {'result': None, 'error': {'code': 'Not Found', 'description': 'No data found, symbol may be delisted'}}} 
2022-03-16 14:16:53,393 - INFO - RRAC.U, error is : {'chart': {'result': None, 'error': {'code': 'Not Found', 'description': 'No data found, symbol may be delisted'}}} 
2022-03-16 14:16:55,097 - INFO - MFA$C, error is : {'chart': {'result': None, 'error': {'code': 'Not Found', 'description': 'No data found, symbol may be delisted'}}} 
2022-03-16 14:17:02,905 - INFO - PORT.U, error is : {'chart': {'result': None, 'error': {'code': 'Not Found', 'description': 'No data found, symbol may be delisted'}}} 
2022-03-16 14:17:05,959 - INFO - COF$I, error is : {'chart': {'result': None, 'error': {'code': 'Not Found', 'description': 'No data found, symbol may be delisted'}}} 
2022-03-16 14:17:10,245 - INFO - ADRA.U, error is : {'chart': {'result': None, 'error': {'code': 'Not Found', 'description': 'No data found, symbol may be delisted'}}} 
2022-03-16 14:17:29,601 - INFO - OPA.W, error is : {'chart': {'result': None, 'error': {'code': 'Not Found', 'description': 'No data found, symbol may be delisted'}}} 
2022-03-16 14:18:14,508 - INFO - ESM.U, error is : {'chart': {'result': None, 'error': {'code': 'Not Found', 'description': 'No data found, symbol may be delisted'}}} 
2022-03-16 14:18:19,304 - INFO - TRIS.U, error is : {'chart': {'result': None, 'error': {'code': 'Not Found', 'description': 'No data found, symbol may be delisted'}}} 
2022-03-16 14:18:56,357 - INFO - IPVA.W, error is : {'chart': {'result': None, 'error': {'code': 'Not Found', 'description': 'No data found, symbol may be delisted'}}} 
2022-03-16 14:19:04,043 - INFO - ECC$D, error is : {'chart': {'result': None, 'error': {'code': 'Not Found', 'description': 'No data found, symbol may be delisted'}}} 
2022-03-16 14:19:22,106 - INFO - AAC.U, error is : {'chart': {'result': None, 'error': {'code': 'Not Found', 'description': 'No data found, symbol may be delisted'}}} 
2022-03-16 14:20:17,731 - INFO - AGM.A, error is : {'chart': {'result': None, 'error': {'code': 'Not Found', 'description': 'No data found, symbol may be delisted'}}} 
2022-03-16 14:20:46,108 - INFO - ACR$C, error is : {'chart': {'result': None, 'error': {'code': 'Not Found', 'description': 'No data found, symbol may be delisted'}}} 
2022-03-16 14:21:12,435 - INFO - NTEST.B, error is : {'chart': {'result': None, 'error': {'code': 'Not Found', 'description': 'No data found, symbol may be delisted'}}} 
2022-03-16 14:21:21,571 - INFO - BOAS.U, error is : {'chart': {'result': None, 'error': {'code': 'Not Found', 'description': 'No data found, symbol may be delisted'}}} 
2022-03-16 14:21:30,987 - INFO - ZVV, error is : 'timestamp' 
2022-03-16 14:21:36,647 - INFO - NSA$A, error is : {'chart': {'result': None, 'error': {'code': 'Not Found', 'description': 'No data found, symbol may be delisted'}}} 
2022-03-16 14:21:38,080 - INFO - PSA$I, error is : {'chart': {'result': None, 'error': {'code': 'Not Found', 'description': 'No data found, symbol may be delisted'}}} 
2022-03-16 14:22:18,158 - INFO - FCAX.W, error is : {'chart': {'result': None, 'error': {'code': 'Not Found', 'description': 'No data found, symbol may be delisted'}}} 
2022-03-16 14:22:27,749 - INFO - TGR.U, error is : {'chart': {'result': None, 'error': {'code': 'Not Found', 'description': 'No data found, symbol may be delisted'}}} 
2022-03-16 14:22:28,869 - INFO - BF.B, error is : 'timestamp' 
2022-03-16 14:23:19,219 - INFO - BMTX.W, error is : {'chart': {'result': None, 'error': {'code': 'Not Found', 'description': 'No data found, symbol may be delisted'}}} 
2022-03-16 14:23:25,258 - INFO - HFRO$A, error is : {'chart': {'result': None, 'error': {'code': 'Not Found', 'description': 'No data found, symbol may be delisted'}}} 
2022-03-16 14:23:48,908 - INFO - VLD.W, error is : {'chart': {'result': None, 'error': {'code': 'Not Found', 'description': 'No data found, symbol may be delisted'}}} 
2022-03-16 14:24:10,876 - INFO - GIA.U, error is : {'chart': {'result': None, 'error': {'code': 'Not Found', 'description': 'No data found, symbol may be delisted'}}} 
2022-03-16 14:24:18,424 - INFO - PV.U, error is : {'chart': {'result': None, 'error': {'code': 'Not Found', 'description': 'No data found, symbol may be delisted'}}} 
2022-03-16 14:24:28,747 - INFO - PMT$B, error is : {'chart': {'result': None, 'error': {'code': 'Not Found', 'description': 'No data found, symbol may be delisted'}}} 
2022-03-16 14:24:47,906 - INFO - KAHC.U, error is : {'chart': {'result': None, 'error': {'code': 'Not Found', 'description': 'No data found, symbol may be delisted'}}} 
2022-03-16 14:25:54,200 - INFO - HL$B, error is : {'chart': {'result': None, 'error': {'code': 'Not Found', 'description': 'No data found, symbol may be delisted'}}} 
2022-03-16 14:26:41,742 - INFO - ATCO$D, error is : {'chart': {'result': None, 'error': {'code': 'Not Found', 'description': 'No data found, symbol may be delisted'}}} 
2022-03-16 14:27:10,508 - INFO - AMPI.W, error is : {'chart': {'result': None, 'error': {'code': 'Not Found', 'description': 'No data found, symbol may be delisted'}}} 
2022-03-16 14:27:11,756 - INFO - BLUA.W, error is : {'chart': {'result': None, 'error': {'code': 'Not Found', 'description': 'No data found, symbol may be delisted'}}} 
2022-03-16 14:27:20,937 - INFO - TWNT.W, error is : {'chart': {'result': None, 'error': {'code': 'Not Found', 'description': 'No data found, symbol may be delisted'}}} 
2022-03-16 14:27:46,340 - INFO - CFR$B, error is : {'chart': {'result': None, 'error': {'code': 'Not Found', 'description': 'No data found, symbol may be delisted'}}} 
2022-03-16 14:28:26,251 - INFO - ATA.W, error is : {'chart': {'result': None, 'error': {'code': 'Not Found', 'description': 'No data found, symbol may be delisted'}}} 
2022-03-16 14:28:46,578 - INFO - NLY$I, error is : {'chart': {'result': None, 'error': {'code': 'Not Found', 'description': 'No data found, symbol may be delisted'}}} 
2022-03-16 14:28:47,522 - INFO - CTEST.O, error is : {'chart': {'result': None, 'error': {'code': 'Not Found', 'description': 'No data found, symbol may be delisted'}}} 
2022-03-16 14:29:06,145 - INFO - OSI.U, error is : {'chart': {'result': None, 'error': {'code': 'Not Found', 'description': 'No data found, symbol may be delisted'}}} 
2022-03-16 14:29:07,217 - INFO - DSAQ.U, error is : {'chart': {'result': None, 'error': {'code': 'Not Found', 'description': 'No data found, symbol may be delisted'}}} 
2022-03-16 14:29:25,792 - INFO - WRAC.W, error is : {'chart': {'result': None, 'error': {'code': 'Not Found', 'description': 'No data found, symbol may be delisted'}}} 
2022-03-16 14:29:27,175 - INFO - RONI.W, error is : {'chart': {'result': None, 'error': {'code': 'Not Found', 'description': 'No data found, symbol may be delisted'}}} 
2022-03-16 14:29:32,999 - INFO - XFLT$A, error is : {'chart': {'result': None, 'error': {'code': 'Not Found', 'description': 'No data found, symbol may be delisted'}}} 
2022-03-16 14:29:33,709 - INFO - BRK.B, error is : {'chart': {'result': None, 'error': {'code': 'Not Found', 'description': 'No data found, symbol may be delisted'}}} 
2022-03-16 14:29:42,220 - INFO - SLAC.W, error is : {'chart': {'result': None, 'error': {'code': 'Not Found', 'description': 'No data found, symbol may be delisted'}}} 
2022-03-16 14:29:42,448 - INFO - BBLN.W, error is : {'chart': {'result': None, 'error': {'code': 'Not Found', 'description': 'No data found, symbol may be delisted'}}} 
2022-03-16 14:30:11,897 - INFO - PSA$H, error is : {'chart': {'result': None, 'error': {'code': 'Not Found', 'description': 'No data found, symbol may be delisted'}}} 
2022-03-16 14:30:32,841 - INFO - EVE.W, error is : {'chart': {'result': None, 'error': {'code': 'Not Found', 'description': 'No data found, symbol may be delisted'}}} 
2022-03-16 14:30:37,408 - INFO - HIGA.W, error is : {'chart': {'result': None, 'error': {'code': 'Not Found', 'description': 'No data found, symbol may be delisted'}}} 
2022-03-16 14:31:27,267 - INFO - MBAC.W, error is : {'chart': {'result': None, 'error': {'code': 'Not Found', 'description': 'No data found, symbol may be delisted'}}} 
2022-03-16 14:31:31,816 - INFO - RCFA.U, error is : {'chart': {'result': None, 'error': {'code': 'Not Found', 'description': 'No data found, symbol may be delisted'}}} 
2022-03-16 14:32:12,047 - INFO - CCVI.U, error is : {'chart': {'result': None, 'error': {'code': 'Not Found', 'description': 'No data found, symbol may be delisted'}}} 
2022-03-16 14:32:20,457 - INFO - SLG$I, error is : {'chart': {'result': None, 'error': {'code': 'Not Found', 'description': 'No data found, symbol may be delisted'}}} 
2022-03-16 14:32:29,503 - INFO - GNL$A, error is : {'chart': {'result': None, 'error': {'code': 'Not Found', 'description': 'No data found, symbol may be delisted'}}} 
2022-03-16 14:32:41,716 - INFO - NS$C, error is : {'chart': {'result': None, 'error': {'code': 'Not Found', 'description': 'No data found, symbol may be delisted'}}} 
2022-03-16 14:33:52,992 - INFO - ALL$I, error is : {'chart': {'result': None, 'error': {'code': 'Not Found', 'description': 'No data found, symbol may be delisted'}}} 
2022-03-16 14:34:02,077 - INFO - JW.B, error is : {'chart': {'result': None, 'error': {'code': 'Not Found', 'description': 'No data found, symbol may be delisted'}}} 
2022-03-16 14:34:41,680 - INFO - AAIC$C, error is : {'chart': {'result': None, 'error': {'code': 'Not Found', 'description': 'No data found, symbol may be delisted'}}} 
2022-03-16 14:34:42,437 - INFO - INSW$A, error is : {'chart': {'result': None, 'error': {'code': 'Not Found', 'description': 'No data found, symbol may be delisted'}}} 
2022-03-16 14:34:45,817 - INFO - MITT$C, error is : {'chart': {'result': None, 'error': {'code': 'Not Found', 'description': 'No data found, symbol may be delisted'}}} 
2022-03-16 14:35:05,635 - INFO - BHR$D, error is : {'chart': {'result': None, 'error': {'code': 'Not Found', 'description': 'No data found, symbol may be delisted'}}} 
2022-03-16 14:35:14,662 - INFO - RF$C, error is : {'chart': {'result': None, 'error': {'code': 'Not Found', 'description': 'No data found, symbol may be delisted'}}} 
2022-03-16 14:36:11,470 - INFO - ATA.U, error is : {'chart': {'result': None, 'error': {'code': 'Not Found', 'description': 'No data found, symbol may be delisted'}}} 
2022-03-16 14:37:39,289 - INFO - CBX, error is : {'chart': {'result': None, 'error': {'code': 'Not Found', 'description': 'No data found, symbol may be delisted'}}} 
2022-03-16 14:38:03,572 - INFO - UBP$H, error is : {'chart': {'result': None, 'error': {'code': 'Not Found', 'description': 'No data found, symbol may be delisted'}}} 
2022-03-16 14:38:31,857 - INFO - HWKZ.W, error is : {'chart': {'result': None, 'error': {'code': 'Not Found', 'description': 'No data found, symbol may be delisted'}}} 
2022-03-16 14:38:37,577 - INFO - APN.W, error is : {'chart': {'result': None, 'error': {'code': 'Not Found', 'description': 'No data found, symbol may be delisted'}}} 
2022-03-16 14:38:45,434 - INFO - ATAQ.W, error is : {'chart': {'result': None, 'error': {'code': 'Not Found', 'description': 'No data found, symbol may be delisted'}}} 
2022-03-16 14:39:25,969 - INFO - PSEC$A, error is : {'chart': {'result': None, 'error': {'code': 'Not Found', 'description': 'No data found, symbol may be delisted'}}} 
2022-03-16 14:39:42,239 - INFO - VNO$O, error is : {'chart': {'result': None, 'error': {'code': 'Not Found', 'description': 'No data found, symbol may be delisted'}}} 
2022-03-16 14:40:13,407 - INFO - LCW.W, error is : {'chart': {'result': None, 'error': {'code': 'Not Found', 'description': 'No data found, symbol may be delisted'}}} 
2022-03-16 14:40:31,332 - INFO - GSQB.U, error is : {'chart': {'result': None, 'error': {'code': 'Not Found', 'description': 'No data found, symbol may be delisted'}}} 
2022-03-16 14:40:35,882 - INFO - F$C, error is : {'chart': {'result': None, 'error': {'code': 'Not Found', 'description': 'No data found, symbol may be delisted'}}} 
2022-03-16 14:40:53,335 - INFO - GLS.W, error is : {'chart': {'result': None, 'error': {'code': 'Not Found', 'description': 'No data found, symbol may be delisted'}}} 
2022-03-16 14:43:00,885 - INFO - AKO.B, error is : {'chart': {'result': None, 'error': {'code': 'Not Found', 'description': 'No data found, symbol may be delisted'}}} 
2022-03-16 14:43:31,512 - INFO - TPGY.U, error is : {'chart': {'result': None, 'error': {'code': 'Not Found', 'description': 'No data found, symbol may be delisted'}}} 
2022-03-16 14:43:52,889 - INFO - NEE$O, error is : {'chart': {'result': None, 'error': {'code': 'Not Found', 'description': 'No data found, symbol may be delisted'}}} 
2022-03-16 14:44:14,825 - INFO - EFC$A, error is : {'chart': {'result': None, 'error': {'code': 'Not Found', 'description': 'No data found, symbol may be delisted'}}} 
2022-03-16 14:44:18,546 - INFO - HGTY.W, error is : {'chart': {'result': None, 'error': {'code': 'Not Found', 'description': 'No data found, symbol may be delisted'}}} 
2022-03-16 14:44:27,202 - INFO - MDV$A, error is : {'chart': {'result': None, 'error': {'code': 'Not Found', 'description': 'No data found, symbol may be delisted'}}} 
2022-03-16 14:44:28,143 - INFO - CPUH.U, error is : {'chart': {'result': None, 'error': {'code': 'Not Found', 'description': 'No data found, symbol may be delisted'}}} 
2022-03-16 14:44:33,851 - INFO - CIM$C, error is : {'chart': {'result': None, 'error': {'code': 'Not Found', 'description': 'No data found, symbol may be delisted'}}} 
2022-03-16 14:44:42,785 - INFO - CND.W, error is : {'chart': {'result': None, 'error': {'code': 'Not Found', 'description': 'No data found, symbol may be delisted'}}} 
2022-03-16 14:44:49,059 - INFO - JPM$L, error is : {'chart': {'result': None, 'error': {'code': 'Not Found', 'description': 'No data found, symbol may be delisted'}}} 
2022-03-16 14:44:52,260 - INFO - BHIL.W, error is : {'chart': {'result': None, 'error': {'code': 'Not Found', 'description': 'No data found, symbol may be delisted'}}} 
2022-03-16 14:44:56,147 - INFO - SKYH.W, error is : {'chart': {'result': None, 'error': {'code': 'Not Found', 'description': 'No data found, symbol may be delisted'}}} 
2022-03-16 14:45:54,352 - INFO - OAK$B, error is : {'chart': {'result': None, 'error': {'code': 'Not Found', 'description': 'No data found, symbol may be delisted'}}} 
2022-03-16 14:47:01,657 - INFO - ATH$C, error is : {'chart': {'result': None, 'error': {'code': 'Not Found', 'description': 'No data found, symbol may be delisted'}}} 
2022-03-16 14:47:17,493 - INFO - PRIF$F, error is : {'chart': {'result': None, 'error': {'code': 'Not Found', 'description': 'No data found, symbol may be delisted'}}} 
2022-03-16 14:47:26,295 - INFO - TDS$U, error is : {'chart': {'result': None, 'error': {'code': 'Not Found', 'description': 'No data found, symbol may be delisted'}}} 
2022-03-16 14:47:28,374 - INFO - TGH$B, error is : {'chart': {'result': None, 'error': {'code': 'Not Found', 'description': 'No data found, symbol may be delisted'}}} 
2022-03-16 14:48:10,021 - INFO - FVT.U, error is : {'chart': {'result': None, 'error': {'code': 'Not Found', 'description': 'No data found, symbol may be delisted'}}} 
2022-03-16 14:48:17,103 - INFO - ZBZZT, error is : {'chart': {'result': None, 'error': {'code': 'Not Found', 'description': 'No data found, symbol may be delisted'}}} 
2022-03-16 14:48:26,972 - INFO - WSO.B, error is : {'chart': {'result': None, 'error': {'code': 'Not Found', 'description': 'No data found, symbol may be delisted'}}} 
2022-03-16 14:48:38,759 - INFO - ZBZX, error is : {'chart': {'result': None, 'error': {'code': 'Not Found', 'description': 'No data found, symbol may be delisted'}}} 
2022-03-16 14:50:05,870 - INFO - MPLN.W, error is : {'chart': {'result': None, 'error': {'code': 'Not Found', 'description': 'No data found, symbol may be delisted'}}} 
2022-03-16 14:50:14,516 - INFO - STAR$G, error is : {'chart': {'result': None, 'error': {'code': 'Not Found', 'description': 'No data found, symbol may be delisted'}}} 
2022-03-16 14:50:14,720 - INFO - SHAP.U, error is : {'chart': {'result': None, 'error': {'code': 'Not Found', 'description': 'No data found, symbol may be delisted'}}} 
2022-03-16 14:50:39,461 - INFO - ZAZZT, error is : {'chart': {'result': None, 'error': {'code': 'Not Found', 'description': 'No data found, symbol may be delisted'}}} 
2022-03-16 14:52:31,100 - INFO - AUS.W, error is : {'chart': {'result': None, 'error': {'code': 'Not Found', 'description': 'No data found, symbol may be delisted'}}} 
2022-03-16 14:52:59,044 - INFO - OXY.W, error is : {'chart': {'result': None, 'error': {'code': 'Not Found', 'description': 'No data found, symbol may be delisted'}}} 
2022-03-16 14:53:17,770 - INFO - LHC.W, error is : {'chart': {'result': None, 'error': {'code': 'Not Found', 'description': 'No data found, symbol may be delisted'}}} 
2022-03-16 14:53:35,870 - INFO - TNP$E, error is : {'chart': {'result': None, 'error': {'code': 'Not Found', 'description': 'No data found, symbol may be delisted'}}} 
2022-03-16 14:54:40,165 - INFO - MBSC.U, error is : {'chart': {'result': None, 'error': {'code': 'Not Found', 'description': 'No data found, symbol may be delisted'}}} 
2022-03-16 14:54:51,859 - INFO - ENPC.W, error is : {'chart': {'result': None, 'error': {'code': 'Not Found', 'description': 'No data found, symbol may be delisted'}}} 
2022-03-16 14:54:52,073 - INFO - SNV$E, error is : {'chart': {'result': None, 'error': {'code': 'Not Found', 'description': 'No data found, symbol may be delisted'}}} 
2022-03-16 14:55:01,431 - INFO - PSB$Y, error is : {'chart': {'result': None, 'error': {'code': 'Not Found', 'description': 'No data found, symbol may be delisted'}}} 
2022-03-16 14:55:03,234 - INFO - SHPW.W, error is : {'chart': {'result': None, 'error': {'code': 'Not Found', 'description': 'No data found, symbol may be delisted'}}} 
2022-03-16 14:55:17,127 - INFO - GUT.R, error is : {'chart': {'result': None, 'error': {'code': 'Not Found', 'description': 'No data found, symbol may be delisted'}}} 
2022-03-16 14:55:59,277 - INFO - AMH$G, error is : {'chart': {'result': None, 'error': {'code': 'Not Found', 'description': 'No data found, symbol may be delisted'}}} 
2022-03-16 14:56:29,649 - INFO - TMAC.W, error is : {'chart': {'result': None, 'error': {'code': 'Not Found', 'description': 'No data found, symbol may be delisted'}}} 
2022-03-16 14:57:49,923 - INFO - ASB$F, error is : {'chart': {'result': None, 'error': {'code': 'Not Found', 'description': 'No data found, symbol may be delisted'}}} 
2022-03-16 14:59:03,321 - INFO - ALIN$B, error is : {'chart': {'result': None, 'error': {'code': 'Not Found', 'description': 'No data found, symbol may be delisted'}}} 
2022-03-16 14:59:04,568 - INFO - PIPP.W, error is : {'chart': {'result': None, 'error': {'code': 'Not Found', 'description': 'No data found, symbol may be delisted'}}} 
2022-03-16 14:59:09,290 - INFO - CMS$B, error is : {'chart': {'result': None, 'error': {'code': 'Not Found', 'description': 'No data found, symbol may be delisted'}}} 
2022-03-16 15:00:15,531 - INFO - CLAS.W, error is : {'chart': {'result': None, 'error': {'code': 'Not Found', 'description': 'No data found, symbol may be delisted'}}} 
2022-03-16 15:00:16,369 - INFO - XPOA.U, error is : {'chart': {'result': None, 'error': {'code': 'Not Found', 'description': 'No data found, symbol may be delisted'}}} 
2022-03-16 15:00:39,464 - INFO - CLVT$A, error is : {'chart': {'result': None, 'error': {'code': 'Not Found', 'description': 'No data found, symbol may be delisted'}}} 
2022-03-16 15:00:44,688 - INFO - BAC$K, error is : {'chart': {'result': None, 'error': {'code': 'Not Found', 'description': 'No data found, symbol may be delisted'}}} 
2022-03-16 15:01:57,865 - INFO - TFC$R, error is : {'chart': {'result': None, 'error': {'code': 'Not Found', 'description': 'No data found, symbol may be delisted'}}} 
2022-03-16 15:02:14,713 - INFO - FNB$E, error is : {'chart': {'result': None, 'error': {'code': 'Not Found', 'description': 'No data found, symbol may be delisted'}}} 
2022-03-16 15:02:35,564 - INFO - INAQ.U, error is : {'chart': {'result': None, 'error': {'code': 'Not Found', 'description': 'No data found, symbol may be delisted'}}} 
2022-03-16 15:04:17,855 - INFO - USB$A, error is : {'chart': {'result': None, 'error': {'code': 'Not Found', 'description': 'No data found, symbol may be delisted'}}} 
2022-03-16 15:04:27,029 - INFO - SCHW$D, error is : {'chart': {'result': None, 'error': {'code': 'Not Found', 'description': 'No data found, symbol may be delisted'}}} 
2022-03-16 15:04:38,261 - INFO - FVT.W, error is : {'chart': {'result': None, 'error': {'code': 'Not Found', 'description': 'No data found, symbol may be delisted'}}} 
2022-03-16 15:04:43,464 - INFO - CLIM.U, error is : {'chart': {'result': None, 'error': {'code': 'Not Found', 'description': 'No data found, symbol may be delisted'}}} 
2022-03-16 15:04:52,873 - INFO - CXAC.U, error is : {'chart': {'result': None, 'error': {'code': 'Not Found', 'description': 'No data found, symbol may be delisted'}}} 
2022-03-16 15:04:58,206 - INFO - MS$I, error is : {'chart': {'result': None, 'error': {'code': 'Not Found', 'description': 'No data found, symbol may be delisted'}}} 
2022-03-16 15:05:04,460 - INFO - LEAP.W, error is : {'chart': {'result': None, 'error': {'code': 'Not Found', 'description': 'No data found, symbol may be delisted'}}} 
2022-03-16 15:05:17,981 - INFO - PSA$M, error is : {'chart': {'result': None, 'error': {'code': 'Not Found', 'description': 'No data found, symbol may be delisted'}}} 
2022-03-16 15:05:32,220 - INFO - RCOR.W, error is : {'chart': {'result': None, 'error': {'code': 'Not Found', 'description': 'No data found, symbol may be delisted'}}} 
